2022-09-20 22:53:27,170 CRITICAL client_log_config.py critical error
2022-09-20 22:53:27,170 ERROR client_log_config.py error
2022-09-20 22:53:27,170 WARNING client_log_config.py warning
2022-09-20 22:53:27,170 INFO client_log_config.py info
2022-09-20 22:53:27,170 DEBUG client_log_config.py debug
2022-09-22 23:33:28,700 CRITICAL client_log_config.py critical error
2022-09-22 23:33:28,700 ERROR client_log_config.py error
2022-09-22 23:33:28,700 WARNING client_log_config.py warning
2022-09-22 23:33:28,700 INFO client_log_config.py info
2022-09-22 23:33:28,700 DEBUG client_log_config.py debug
2022-09-22 23:42:16,127 CRITICAL client.py Обнаружена попытка запуска клиента с неправильным номером порта: 1000. Допустимые адреса с 1024 по 65535 включительно
2022-09-22 23:42:57,080 INFO client.py Параметры запущенного клиента: адрес сервера: 127.0.0.1, порт: 7777
2022-09-22 23:42:57,081 DEBUG client.py Для пользователя Guest сформировано presence сообщение
2022-09-22 23:42:57,083 DEBUG client.py Разбор сообщения сервера: {'response': 200}
2022-09-22 23:42:57,083 INFO client.py Получен ответ от сервера: The HTTP 200 OK
2022-09-29 20:33:45,285 INFO client.py Параметры запущенного клиента: адрес сервера: 127.0.0.1, порт: 7777
2022-09-29 20:33:45,285 DEBUG client.py Для пользователя Guest сформировано presence сообщение
2022-09-29 20:33:45,285 DEBUG client.py Разбор сообщения сервера: {'response': 200}
2022-09-29 20:33:45,285 INFO client.py Получен ответ от сервера: The HTTP 200 OK
2022-09-29 20:39:19,875 INFO client.py Параметры запущенного клиента: адрес сервера: 127.0.0.1, порт: 7777
2022-09-29 20:39:19,875 DEBUG client.py Для пользователя Guest сформировано presence сообщение
2022-09-29 20:39:19,875 DEBUG client.py Разбор сообщения сервера: {'response': 200}
2022-09-29 20:39:19,875 INFO client.py Получен ответ от сервера: The HTTP 200 OK
2022-10-01 22:22:13,368 INFO client.py Выполнен запуск клиента со следующими параметрами: адрес сервера 127.0.0.1, порт: 7777, режим работы клиента: send
2022-10-01 22:22:13,373 DEBUG client.py Для пользователя Guest сформировано presence сообщение
2022-10-01 22:22:13,454 INFO client.py Выполнен запуск клиента со следующими параметрами: адрес сервера 127.0.0.1, порт: 7777, режим работы клиента: send
2022-10-01 22:22:13,476 DEBUG client.py Для пользователя Guest сформировано presence сообщение
2022-10-01 22:22:13,478 DEBUG client.py Разбор сообщения сервера: {'response': 200}
2022-10-01 22:22:13,480 INFO client.py Соединение с сервером установлено. Получен ответ от сервера: The HTTP 200 OK
2022-10-01 22:22:13,496 INFO client.py Выполнен запуск клиента со следующими параметрами: адрес сервера 127.0.0.1, порт: 7777, режим работы клиента: listen
2022-10-01 22:22:13,496 INFO client.py Выполнен запуск клиента со следующими параметрами: адрес сервера 127.0.0.1, порт: 7777, режим работы клиента: listen
2022-10-01 22:22:13,492 INFO client.py Выполнен запуск клиента со следующими параметрами: адрес сервера 127.0.0.1, порт: 7777, режим работы клиента: listen
2022-10-01 22:22:13,498 DEBUG client.py Для пользователя Guest сформировано presence сообщение
2022-10-01 22:22:13,500 DEBUG client.py Разбор сообщения сервера: {'response': 200}
2022-10-01 22:22:13,501 INFO client.py Соединение с сервером установлено. Получен ответ от сервера: The HTTP 200 OK
2022-10-01 22:22:13,509 INFO client.py Выполнен запуск клиента со следующими параметрами: адрес сервера 127.0.0.1, порт: 7777, режим работы клиента: listen
2022-10-01 22:22:13,533 DEBUG client.py Для пользователя Guest сформировано presence сообщение
2022-10-01 22:22:13,546 INFO client.py Выполнен запуск клиента со следующими параметрами: адрес сервера 127.0.0.1, порт: 7777, режим работы клиента: listen
2022-10-01 22:22:13,563 DEBUG client.py Для пользователя Guest сформировано presence сообщение
2022-10-01 22:22:13,563 DEBUG client.py Разбор сообщения сервера: {'response': 200}
2022-10-01 22:22:13,649 INFO client.py Соединение с сервером установлено. Получен ответ от сервера: The HTTP 200 OK
2022-10-01 22:22:13,694 DEBUG client.py Разбор сообщения сервера: {'response': 200}
2022-10-01 22:22:13,695 INFO client.py Соединение с сервером установлено. Получен ответ от сервера: The HTTP 200 OK
2022-10-01 22:22:13,725 DEBUG client.py Разбор сообщения сервера: {'response': 200}
2022-10-01 22:22:13,728 INFO client.py Соединение с сервером установлено. Получен ответ от сервера: The HTTP 200 OK
2022-10-01 22:22:13,731 DEBUG client.py Разбор сообщения сервера: {'response': 200}
2022-10-01 22:22:13,733 INFO client.py Соединение с сервером установлено. Получен ответ от сервера: The HTTP 200 OK
2022-10-01 22:22:13,745 DEBUG client.py Разбор сообщения сервера: {'response': 200}
2022-10-01 22:22:13,754 INFO client.py Соединение с сервером установлено. Получен ответ от сервера: The HTTP 200 OK
2022-10-02 19:21:41,220 INFO client.py Выполнен запуск клиента со следующими параметрами: адрес сервера 127.0.0.1, порт: 7777, имя пользователя: test_user_1
2022-10-02 19:21:41,222 DEBUG client.py Для пользователя test_user_1 сформировано presence сообщение
2022-10-02 19:21:41,243 INFO client.py Выполнен запуск клиента со следующими параметрами: адрес сервера 127.0.0.1, порт: 7777, имя пользователя: test_user_2
2022-10-02 19:21:41,244 DEBUG client.py Для пользователя test_user_2 сформировано presence сообщение
2022-10-02 19:21:41,246 DEBUG client.py Разбор сообщения сервера: {'response': 200}
2022-10-02 19:21:41,247 INFO client.py Соединение с сервером установлено. Получен ответ от сервера: The HTTP 200 OK
2022-10-02 19:21:41,248 DEBUG client.py Процессы запущены
2022-10-02 19:21:42,255 DEBUG client.py Разбор сообщения сервера: {'response': 200}
2022-10-02 19:21:42,255 INFO client.py Соединение с сервером установлено. Получен ответ от сервера: The HTTP 200 OK
2022-10-02 19:21:42,255 DEBUG client.py Процессы запущены
2022-10-02 19:22:23,120 DEBUG client.py Создан словарь сообщения: {'action': 'message', 'sender': 'test_user_2', 'to': 'test_user_1', 'time': 1664720543.1202173, 'message_text': 'Hello, test_user_1!'}
2022-10-02 19:22:23,120 INFO client.py Сообщение отправлено пользователю test_user_1
2022-10-02 19:22:23,452 INFO client.py От пользователя test_user_2 получено сообщение:
Hello, test_user_1!
2022-10-02 19:23:04,454 DEBUG client.py Создан словарь сообщения: {'action': 'message', 'sender': 'test_user_1', 'to': 'test_user_2', 'time': 1664720584.4547677, 'message_text': 'And you!'}
2022-10-02 19:23:04,470 INFO client.py Сообщение отправлено пользователю test_user_2
2022-10-02 19:23:15,370 DEBUG client.py Создан словарь сообщения: {'action': 'message', 'sender': 'test_user_1', 'to': 'dd', 'time': 1664720595.3700833, 'message_text': ''}
2022-10-02 19:23:15,370 INFO client.py Сообщение отправлено пользователю dd
